<?xml version="1.0" encoding="UTF-8"?>
<!-- Generated by org.testng.reporters.JUnitReportReporter -->
<testsuite hostname="PoojaAbhay" failures="0" tests="3" name="com.tutorialsninja.qa.testcases.SearchTest" time="56.313" errors="0" timestamp="2023-07-09T23:55:57 EDT" skipped="0">
  <testcase classname="com.tutorialsninja.qa.testcases.SearchTest" name="VerifySearchwithExistingProductName" time="17.210"/>
  <testcase classname="com.tutorialsninja.qa.testcases.SearchTest" name="VerifySearchwithInvalidProductName" time="10.923"/>
  <testcase classname="com.tutorialsninja.qa.testcases.SearchTest" name="VerifySearchwithoutProductName" time="28.180"/>
</testsuite> <!-- com.tutorialsninja.qa.testcases.SearchTest -->
