<?xml version="1.0" encoding="UTF-8"?>
<!-- Generated by org.testng.reporters.JUnitReportReporter -->
<testsuite hostname="PoojaAbhay" failures="0" tests="7" name="com.tutorialsninja.qa.testcases.LoginTest" time="71.278" errors="0" timestamp="2023-07-09T23:55:57 EDT" skipped="0">
  <testcase classname="com.tutorialsninja.qa.testcases.LoginTest" name="Verifylogingwithvalidcredentials" time="9.227"/>
  <testcase classname="com.tutorialsninja.qa.testcases.LoginTest" name="Verifylogingwithvalidcredentials" time="14.590"/>
  <testcase classname="com.tutorialsninja.qa.testcases.LoginTest" name="Verifylogingwithvalidcredentials" time="9.384"/>
  <testcase classname="com.tutorialsninja.qa.testcases.LoginTest" name="VerifylogingwithInvalidcredentials" time="8.936"/>
  <testcase classname="com.tutorialsninja.qa.testcases.LoginTest" name="VerifylogingwithInvalidEmailValidPassword" time="10.327"/>
  <testcase classname="com.tutorialsninja.qa.testcases.LoginTest" name="VerifylogingwithValidEmailInvalidPassword" time="9.915"/>
  <testcase classname="com.tutorialsninja.qa.testcases.LoginTest" name="VerifylogingwithoutCredentials" time="8.899"/>
</testsuite> <!-- com.tutorialsninja.qa.testcases.LoginTest -->
