<?xml version="1.0" encoding="UTF-8"?>
<!-- Generated by org.testng.reporters.JUnitReportReporter -->
<testsuite hostname="PoojaAbhay" failures="0" tests="7" name="com.tutorialsninja.qa.testcases.LoginTest" time="85.738" errors="0" timestamp="2023-07-10T12:17:07 EDT" skipped="0">
  <testcase classname="com.tutorialsninja.qa.testcases.LoginTest" name="Verifylogingwithvalidcredentials" time="15.054"/>
  <testcase classname="com.tutorialsninja.qa.testcases.LoginTest" name="Verifylogingwithvalidcredentials" time="12.795"/>
  <testcase classname="com.tutorialsninja.qa.testcases.LoginTest" name="Verifylogingwithvalidcredentials" time="12.311"/>
  <testcase classname="com.tutorialsninja.qa.testcases.LoginTest" name="VerifylogingwithInvalidcredentials" time="11.315"/>
  <testcase classname="com.tutorialsninja.qa.testcases.LoginTest" name="VerifylogingwithInvalidEmailValidPassword" time="12.092"/>
  <testcase classname="com.tutorialsninja.qa.testcases.LoginTest" name="VerifylogingwithValidEmailInvalidPassword" time="10.408"/>
  <testcase classname="com.tutorialsninja.qa.testcases.LoginTest" name="VerifylogingwithoutCredentials" time="11.763"/>
</testsuite> <!-- com.tutorialsninja.qa.testcases.LoginTest -->
