<?xml version="1.0" encoding="UTF-8"?>
<!-- Generated by org.testng.reporters.JUnitReportReporter -->
<testsuite hostname="PoojaAbhay" failures="0" tests="3" name="com.tutorialsninja.qa.testcases.SearchTest" time="34.507" errors="0" timestamp="2023-07-10T12:17:07 EDT" skipped="0">
  <testcase classname="com.tutorialsninja.qa.testcases.SearchTest" name="VerifySearchwithExistingProductName" time="13.078"/>
  <testcase classname="com.tutorialsninja.qa.testcases.SearchTest" name="VerifySearchwithoutProductName" time="9.864"/>
  <testcase classname="com.tutorialsninja.qa.testcases.SearchTest" name="VerifySearchwithInvalidProductName" time="11.565"/>
</testsuite> <!-- com.tutorialsninja.qa.testcases.SearchTest -->
